<?xml version="1.0" encoding="UTF-8"?>
<testsuite xmlns:xsi="http://www.w3.org/2001/XMLSchema-instance" xsi:noNamespaceSchemaLocation="https://maven.apache.org/surefire/maven-surefire-plugin/xsd/surefire-test-report.xsd" name="HospitalTest" time="0.14" tests="24" errors="0" skipped="0" failures="0">
  <properties>
[...]
</properties>
  <testcase name="realizarPagamentoMedicoNuloSemExcecao" classname="HospitalTest" time="0.026"/>
  <testcase name="realizarPagamentoMedicoNulo" classname="HospitalTest" time="0.003"/>
  <testcase name="realizarPagamentoMedicoInativo" classname="HospitalTest" time="0.001"/>
  <testcase name="construtorHospital" classname="HospitalTest" time="0.002"/>
  <testcase name="realizarPagamentoHoraExtraMedicoNulo" classname="HospitalTest" time="0.001"/>
  <testcase name="classeHospitalGettersESetters" classname="HospitalTest" time="0.025"/>
  <testcase name="realizarPagamentoValorValido" classname="HospitalTest" time="0.002"/>
  <testcase name="classeMedicoAtributosPrivados" classname="HospitalTest" time="0.006"/>
  <testcase name="realizarPagamentoHoraExtraValorInvalido" classname="HospitalTest" time="0"/>
  <testcase name="desligarMedicoInvalido" classname="HospitalTest" time="0.001"/>
  <testcase name="realizarPagamentoHoraExtraNull" classname="HospitalTest" time="0.001"/>
  <testcase name="realizarPagamentoHoraExtraNegativa" classname="HospitalTest" time="0.001"/>
  <testcase name="realizarPagamentoHoraExtraMedicoNuloSemExcecao" classname="HospitalTest" time="0.003"/>
  <testcase name="construtorMedico" classname="HospitalTest" time="0.002"/>
  <testcase name="realizarPagamentoHoraExtraValorValido" classname="HospitalTest" time="0"/>
  <testcase name="classeHospitalAtributosPrivados" classname="HospitalTest" time="0.002"/>
  <testcase name="realizarPagamentoValorInvalido" classname="HospitalTest" time="0.001"/>
  <testcase name="realizarPagamentoValorNulo" classname="HospitalTest" time="0.001"/>
  <testcase name="realizarPagamentoHoraExtraMedicoInativo" classname="HospitalTest" time="0.001"/>
  <testcase name="classeMedicoMetodosPublicos" classname="HospitalTest" time="0.002"/>
  <testcase name="classeMedicoGettersESetters" classname="HospitalTest" time="0.003"/>
  <testcase name="classeHospitalaMetodosPublicos" classname="HospitalTest" time="0.004"/>
  <testcase name="desligarMedicoValido" classname="HospitalTest" time="0.002"/>
  <testcase name="realizarPagamentoValorNuloSemExcecao" classname="HospitalTest" time="0.003"/>
</testsuite>